<?xml version="1.0" encoding="UTF-8"?>
<!-- Generated by org.testng.reporters.JUnitReportReporter -->
<testsuite hostname="lapdell-0021" failures="0" tests="1" name="Tests.TestHomePage" time="0.007" errors="0" timestamp="21 May 2021 17:37:02 GMT">
  <testcase classname="Tests.TestHomePage" name="f" time="0.007"/>
</testsuite> <!-- Tests.TestHomePage -->
