<?xml version="1.0" encoding="UTF-8"?>
<!-- Generated by org.testng.reporters.JUnitReportReporter -->
<testsuite hostname="lapdell-0021" failures="0" tests="2" name="Tests.TestLogin" time="12.870" errors="0" timestamp="26 May 2021 15:27:12 GMT">
  <testcase classname="Tests.TestLogin" name="loginSuccessfully" time="7.340"/>
  <testcase classname="Tests.TestLogin" name="loginSuccessfully" time="5.530"/>
</testsuite> <!-- Tests.TestLogin -->
